<?xml version="1.0" encoding="UTF-8"?>
<!-- Generated by org.testng.reporters.JUnitReportReporter -->
<testsuite skipped="0" hostname="DESKTOP-R8GE9D4" name="com.training.sanity.tests.AddRemoveCartTest" tests="1" failures="0" timestamp="11 Jan 2019 06:25:19 GMT" time="96.098" errors="0">
  <testcase name="addToCartTest" time="96.098" classname="com.training.sanity.tests.AddRemoveCartTest"/>
</testsuite> <!-- com.training.sanity.tests.AddRemoveCartTest -->
