<?xml version="1.0" encoding="UTF-8"?>
<!-- Generated by org.testng.reporters.JUnitReportReporter -->
<testsuite skipped="0" hostname="DESKTOP-R8GE9D4" name="com.training.sanity.tests.LoginTestwithExcel" tests="2" failures="0" timestamp="23 Jan 2019 04:15:59 GMT" time="31.515" errors="0">
  <testcase name="LoginTestwithMultipledata" time="16.382" classname="com.training.sanity.tests.LoginTestwithExcel"/>
  <testcase name="LoginTestwithMultipleData" time="15.133" classname="com.training.sanity.tests.LoginTestwithExcel"/>
</testsuite> <!-- com.training.sanity.tests.LoginTestwithExcel -->
