<?xml version="1.0" encoding="UTF-8"?>
<!-- Generated by org.testng.reporters.JUnitReportReporter -->
<testsuite skipped="0" hostname="DESKTOP-R8GE9D4" name="com.training.sanity.tests.LoginAdminTest" tests="1" failures="0" timestamp="16 Jan 2019 06:14:41 GMT" time="14.141" errors="0">
  <testcase name="ValidateErrorPasswordMsg" time="14.141" classname="com.training.sanity.tests.LoginAdminTest"/>
</testsuite> <!-- com.training.sanity.tests.LoginAdminTest -->
