<?xml version="1.0" encoding="UTF-8"?>
<!-- Generated by org.testng.reporters.JUnitReportReporter -->
<testsuite skipped="0" hostname="DESKTOP-R8GE9D4" name="com.training.sanity.tests.SearchProductTest" tests="1" failures="0" timestamp="22 Jan 2019 12:47:02 GMT" time="73.800" errors="0">
  <testcase name="searchProduct" time="73.800" classname="com.training.sanity.tests.SearchProductTest"/>
</testsuite> <!-- com.training.sanity.tests.SearchProductTest -->
