<?xml version="1.0" encoding="UTF-8"?>
<!-- Generated by org.testng.reporters.JUnitReportReporter -->
<testsuite skipped="0" hostname="DESKTOP-R8GE9D4" name="com.training.sanity.tests.PreLoginOrderTest" tests="1" failures="0" timestamp="30 Jan 2019 15:40:21 GMT" time="54.760" errors="0">
  <testcase name="AdminLogin" time="54.760" classname="com.training.sanity.tests.PreLoginOrderTest"/>
</testsuite> <!-- com.training.sanity.tests.PreLoginOrderTest -->
