<?xml version="1.0" encoding="UTF-8"?>
<!-- Generated by org.testng.reporters.JUnitReportReporter -->
<testsuite skipped="0" hostname="DESKTOP-R8GE9D4" name="com.training.sanity.tests.ChangePasswordTest" tests="2" failures="0" timestamp="14 Jan 2019 09:59:42 GMT" time="51.963" errors="0">
  <testcase name="validateChangePasswordErrorMessage" time="22.468" classname="com.training.sanity.tests.ChangePasswordTest"/>
  <testcase name="validateChangePassword" time="29.495" classname="com.training.sanity.tests.ChangePasswordTest"/>
</testsuite> <!-- com.training.sanity.tests.ChangePasswordTest -->
