<?xml version="1.0" encoding="UTF-8"?>
<!-- Generated by org.testng.reporters.JUnitReportReporter -->
<testsuite skipped="0" hostname="DESKTOP-R8GE9D4" name="com.training.sanity.tests.FilterProductsWithMultipleValuesTest" tests="4" failures="0" timestamp="28 Jan 2019 17:30:32 GMT" time="205.073" errors="0">
  <testcase name="ValidateFilterWithMultipleValues" time="46.541" classname="com.training.sanity.tests.FilterProductsWithMultipleValuesTest"/>
  <testcase name="ValidateFilterWithMultipleValues" time="59.150" classname="com.training.sanity.tests.FilterProductsWithMultipleValuesTest"/>
  <testcase name="ValidateFilterWithMultipleValues" time="52.531" classname="com.training.sanity.tests.FilterProductsWithMultipleValuesTest"/>
  <testcase name="ValidateFilterWithMultipleValues" time="46.851" classname="com.training.sanity.tests.FilterProductsWithMultipleValuesTest"/>
</testsuite> <!-- com.training.sanity.tests.FilterProductsWithMultipleValuesTest -->
