<?xml version="1.0" encoding="UTF-8"?>
<!-- Generated by org.testng.reporters.JUnitReportReporter -->
<testsuite skipped="0" hostname="DESKTOP-R8GE9D4" name="com.training.sanity.tests.ReturnOrderTest" tests="1" failures="0" timestamp="16 Jan 2019 10:50:05 GMT" time="35.106" errors="0">
  <testcase name="ReturnOrder" time="35.106" classname="com.training.sanity.tests.ReturnOrderTest"/>
</testsuite> <!-- com.training.sanity.tests.ReturnOrderTest -->
