<?xml version="1.0" encoding="UTF-8"?>
<!-- Generated by org.testng.reporters.JUnitReportReporter -->
<testsuite skipped="0" hostname="DESKTOP-R8GE9D4" name="com.training.sanity.tests.DeleteCategoryTest" tests="2" failures="0" timestamp="22 Jan 2019 05:04:38 GMT" time="41.761" errors="0">
  <testcase name="DeleteCategories" time="12.443" classname="com.training.sanity.tests.DeleteCategoryTest"/>
  <testcase name="AddCategories" time="29.318" classname="com.training.sanity.tests.DeleteCategoryTest"/>
</testsuite> <!-- com.training.sanity.tests.DeleteCategoryTest -->
