<?xml version="1.0" encoding="UTF-8"?>
<!-- Generated by org.testng.reporters.JUnitReportReporter -->
<testsuite skipped="0" hostname="DESKTOP-R8GE9D4" name="com.training.sanity.tests.AddCategoryDBTest" tests="1" failures="0" timestamp="30 Jan 2019 05:17:17 GMT" time="33.130" errors="0">
  <testcase name="AddCategoryDBTest" time="33.130" classname="com.training.sanity.tests.AddCategoryDBTest"/>
</testsuite> <!-- com.training.sanity.tests.AddCategoryDBTest -->
