<?xml version="1.0" encoding="UTF-8"?>
<!-- Generated by org.testng.reporters.JUnitReportReporter -->
<testsuite skipped="0" hostname="DESKTOP-R8GE9D4" name="com.training.regression.tests.LoginExcelTest" tests="2" failures="0" timestamp="24 Jan 2019 09:54:05 GMT" time="32.670" errors="0">
  <testcase name="loginDBTest" time="15.930" classname="com.training.regression.tests.LoginExcelTest"/>
  <testcase name="loginDBTest" time="16.740" classname="com.training.regression.tests.LoginExcelTest"/>
</testsuite> <!-- com.training.regression.tests.LoginExcelTest -->
