<?xml version="1.0" encoding="UTF-8"?>
<!-- Generated by org.testng.reporters.JUnitReportReporter -->
<testsuite skipped="0" hostname="DESKTOP-R8GE9D4" name="com.training.sanity.tests.SearchProductTest" tests="1" failures="0" timestamp="11 Jan 2019 11:23:23 GMT" time="67.246" errors="0">
  <testcase name="searchProduct" time="67.246" classname="com.training.sanity.tests.SearchProductTest"/>
</testsuite> <!-- com.training.sanity.tests.SearchProductTest -->
