<?xml version="1.0" encoding="UTF-8"?>
<!-- Generated by org.testng.reporters.JUnitReportReporter -->
<testsuite skipped="0" hostname="DESKTOP-R8GE9D4" name="com.training.sanity.tests.DeleteCategoryTest" tests="2" failures="0" timestamp="19 Jan 2019 12:48:59 GMT" time="26.657" errors="0">
  <testcase name="AddCategories" time="15.297" classname="com.training.sanity.tests.DeleteCategoryTest"/>
  <testcase name="DeleteCategories" time="11.360" classname="com.training.sanity.tests.DeleteCategoryTest"/>
</testsuite> <!-- com.training.sanity.tests.DeleteCategoryTest -->
