<?xml version="1.0" encoding="UTF-8"?>
<!-- Generated by org.testng.reporters.JUnitReportReporter -->
<testsuite skipped="0" hostname="DESKTOP-R8GE9D4" name="com.training.sanity.tests.AddEditCategoryTest" tests="1" failures="0" timestamp="19 Jan 2019 12:20:22 GMT" time="16.642" errors="0">
  <testcase name="Editcategory" time="16.642" classname="com.training.sanity.tests.AddEditCategoryTest"/>
</testsuite> <!-- com.training.sanity.tests.AddEditCategoryTest -->
