<?xml version="1.0" encoding="UTF-8"?>
<!-- Generated by org.testng.reporters.JUnitReportReporter -->
<testsuite skipped="0" hostname="DESKTOP-R8GE9D4" name="com.training.sanity.tests.AddEditCatalogTest" tests="1" failures="0" timestamp="18 Jan 2019 13:34:45 GMT" time="13.659" errors="0">
  <testcase name="Editcategory" time="13.659" classname="com.training.sanity.tests.AddEditCatalogTest"/>
</testsuite> <!-- com.training.sanity.tests.AddEditCatalogTest -->
