<?xml version="1.0" encoding="UTF-8"?>
<!-- Generated by org.testng.reporters.JUnitReportReporter -->
<testsuite skipped="0" hostname="DESKTOP-R8GE9D4" name="com.training.regression.tests.LoginDBTest" tests="2" failures="0" timestamp="26 Jan 2019 07:41:53 GMT" time="30.891" errors="0">
  <testcase name="loginDBTest" time="13.642" classname="com.training.regression.tests.LoginDBTest"/>
  <testcase name="loginDBTest" time="17.249" classname="com.training.regression.tests.LoginDBTest"/>
</testsuite> <!-- com.training.regression.tests.LoginDBTest -->
