<?xml version="1.0" encoding="UTF-8"?>
<!-- Generated by org.testng.reporters.JUnitReportReporter -->
<testsuite skipped="0" hostname="DESKTOP-R8GE9D4" name="com.training.sanity.tests.AddRemoveCartTest" tests="1" failures="0" timestamp="14 Jan 2019 09:49:30 GMT" time="52.104" errors="0">
  <testcase name="addToCartTest" time="52.104" classname="com.training.sanity.tests.AddRemoveCartTest"/>
</testsuite> <!-- com.training.sanity.tests.AddRemoveCartTest -->
