<?xml version="1.0" encoding="UTF-8"?>
<!-- Generated by org.testng.reporters.JUnitReportReporter -->
<testsuite skipped="0" hostname="DESKTOP-R8GE9D4" name="com.training.sanity.tests.AddEditCatalogTest" tests="2" failures="0" timestamp="17 Jan 2019 11:37:35 GMT" time="29.128" errors="0">
  <testcase name="Editcategory" time="15.126" classname="com.training.sanity.tests.AddEditCatalogTest"/>
  <testcase name="AddCategory" time="14.002" classname="com.training.sanity.tests.AddEditCatalogTest"/>
</testsuite> <!-- com.training.sanity.tests.AddEditCatalogTest -->
