<?xml version="1.0" encoding="UTF-8"?>
<!-- Generated by org.testng.reporters.JUnitReportReporter -->
<testsuite skipped="0" hostname="DESKTOP-R8GE9D4" name="com.training.sanity.tests.ChangePasswordTest" tests="2" failures="0" timestamp="08 Jan 2019 11:03:38 GMT" time="43.819" errors="0">
  <testcase name="validateChangePasswordErrorMessage" time="19.952" classname="com.training.sanity.tests.ChangePasswordTest"/>
  <testcase name="validateChangePassword" time="23.867" classname="com.training.sanity.tests.ChangePasswordTest"/>
</testsuite> <!-- com.training.sanity.tests.ChangePasswordTest -->
